<?xml version="1.0" encoding="UTF-8"?>
<testng-results skipped="0" failed="0" ignored="0" total="1" passed="1">
  <reporter-output>
  </reporter-output>
  <suite name="Default suite" duration-ms="25948" started-at="2020-04-08T00:16:38 IST" finished-at="2020-04-08T00:17:04 IST">
    <groups>
    </groups>
    <test name="Default test" duration-ms="25948" started-at="2020-04-08T00:16:38 IST" finished-at="2020-04-08T00:17:04 IST">
      <class name="login.AddEmployee">
        <test-method status="PASS" signature="addUser()[pri:0, instance:login.AddEmployee@3327bd23]" name="addUser" duration-ms="25853" started-at="2020-04-08T00:16:38 IST" finished-at="2020-04-08T00:17:04 IST">
          <reporter-output>
          </reporter-output>
        </test-method> <!-- addUser -->
      </class> <!-- login.AddEmployee -->
    </test> <!-- Default test -->
  </suite> <!-- Default suite -->
</testng-results>
